{
  "stats": {
    "suites": 1,
    "tests": 6,
    "passes": 6,
    "pending": 0,
    "failures": 0,
    "start": "2023-07-21T03:00:48.213Z",
    "end": "2023-07-21T03:00:56.026Z",
    "duration": 7813,
    "testsRegistered": 6,
    "passPercent": 100,
    "pendingPercent": 0,
    "other": 0,
    "hasOther": false,
    "skipped": 0,
    "hasSkipped": false
  },
  "results": [
    {
      "uuid": "a2517407-53bd-41f1-ba91-d1cce9f94acd",
      "title": "",
      "fullFile": "cypress/tests/ui-login.spec.js",
      "file": "cypress/tests/ui-login.spec.js",
      "beforeHooks": [],
      "afterHooks": [],
      "tests": [],
      "suites": [
        {
          "uuid": "8d4a8c32-b618-4333-8e1f-cbd1ac58e102",
          "title": "Validar Fluxos de Login",
          "fullFile": "",
          "file": "",
          "beforeHooks": [],
          "afterHooks": [],
          "tests": [
            {
              "title": "Realiza Login com sucesso",
              "fullTitle": "Validar Fluxos de Login Realiza Login com sucesso",
              "timedOut": null,
              "duration": 3254,
              "state": "passed",
              "speed": "slow",
              "pass": true,
              "fail": false,
              "pending": false,
              "context": null,
              "code": "_loginPage.default.CriarUser();\n_loginPage.default.RealizarLoginComSucesso();",
              "err": {},
              "uuid": "d3b1eb7b-ef70-479d-9909-a05bdb093554",
              "parentUUID": "8d4a8c32-b618-4333-8e1f-cbd1ac58e102",
              "isHook": false,
              "skipped": false
            },
            {
              "title": "Tenta realizar login sem inserir Email",
              "fullTitle": "Validar Fluxos de Login Tenta realizar login sem inserir Email",
              "timedOut": null,
              "duration": 671,
              "state": "passed",
              "speed": "slow",
              "pass": true,
              "fail": false,
              "pending": false,
              "context": null,
              "code": "_loginPage.default.RealizarLoginSemInserirEmail();",
              "err": {},
              "uuid": "76a77ca3-a7cd-47f1-929d-66f6dcfed8d0",
              "parentUUID": "8d4a8c32-b618-4333-8e1f-cbd1ac58e102",
              "isHook": false,
              "skipped": false
            },
            {
              "title": "Tenta realizar login sem inserir Senha",
              "fullTitle": "Validar Fluxos de Login Tenta realizar login sem inserir Senha",
              "timedOut": null,
              "duration": 886,
              "state": "passed",
              "speed": "slow",
              "pass": true,
              "fail": false,
              "pending": false,
              "context": null,
              "code": "_loginPage.default.RealizarLoginSemInserirSenha();",
              "err": {},
              "uuid": "e005700d-9a8b-454b-b420-c712c097de45",
              "parentUUID": "8d4a8c32-b618-4333-8e1f-cbd1ac58e102",
              "isHook": false,
              "skipped": false
            },
            {
              "title": "Tenta realizar login com Email inválido",
              "fullTitle": "Validar Fluxos de Login Tenta realizar login com Email inválido",
              "timedOut": null,
              "duration": 954,
              "state": "passed",
              "speed": "slow",
              "pass": true,
              "fail": false,
              "pending": false,
              "context": null,
              "code": "_loginPage.default.RealizarLoginComEmailInválido();",
              "err": {},
              "uuid": "4299cda7-9938-43a1-b10c-aa952b4d50fd",
              "parentUUID": "8d4a8c32-b618-4333-8e1f-cbd1ac58e102",
              "isHook": false,
              "skipped": false
            },
            {
              "title": "Tenta realizar login com Senha inválida",
              "fullTitle": "Validar Fluxos de Login Tenta realizar login com Senha inválida",
              "timedOut": null,
              "duration": 1088,
              "state": "passed",
              "speed": "slow",
              "pass": true,
              "fail": false,
              "pending": false,
              "context": null,
              "code": "_loginPage.default.RealizarLoginComSenhaInválida();",
              "err": {},
              "uuid": "c66537cc-f9fe-470f-9643-792653df012e",
              "parentUUID": "8d4a8c32-b618-4333-8e1f-cbd1ac58e102",
              "isHook": false,
              "skipped": false
            },
            {
              "title": "Tenta realizar login com email sem arroba",
              "fullTitle": "Validar Fluxos de Login Tenta realizar login com email sem arroba",
              "timedOut": null,
              "duration": 877,
              "state": "passed",
              "speed": "slow",
              "pass": true,
              "fail": false,
              "pending": false,
              "context": null,
              "code": "_loginPage.default.RealizarLoginComEmailSemArroba();",
              "err": {},
              "uuid": "0ad6d092-03d5-4399-a991-dbf4d6414482",
              "parentUUID": "8d4a8c32-b618-4333-8e1f-cbd1ac58e102",
              "isHook": false,
              "skipped": false
            }
          ],
          "suites": [],
          "passes": [
            "d3b1eb7b-ef70-479d-9909-a05bdb093554",
            "76a77ca3-a7cd-47f1-929d-66f6dcfed8d0",
            "e005700d-9a8b-454b-b420-c712c097de45",
            "4299cda7-9938-43a1-b10c-aa952b4d50fd",
            "c66537cc-f9fe-470f-9643-792653df012e",
            "0ad6d092-03d5-4399-a991-dbf4d6414482"
          ],
          "failures": [],
          "pending": [],
          "skipped": [],
          "duration": 7730,
          "root": false,
          "rootEmpty": false,
          "_timeout": 2000
        }
      ],
      "passes": [],
      "failures": [],
      "pending": [],
      "skipped": [],
      "duration": 0,
      "root": true,
      "rootEmpty": true,
      "_timeout": 2000
    }
  ],
  "meta": {
    "mocha": {
      "version": "7.0.1"
    },
    "mochawesome": {
      "options": {
        "quiet": true,
        "reportFilename": "mochawesome",
        "saveHtml": false,
        "saveJson": true,
        "consoleReporter": "spec",
        "useInlineDiffs": false,
        "code": true
      },
      "version": "7.1.3"
    },
    "marge": {
      "options": {
        "id": "default",
        "reportDir": "mochawesome-report",
        "quiet": true,
        "overwrite": false,
        "html": false,
        "json": true
      },
      "version": "6.2.0"
    }
  }
}