{
  "stats": {
    "suites": 1,
    "tests": 6,
    "passes": 6,
    "pending": 0,
    "failures": 0,
    "start": "2023-07-21T02:40:23.100Z",
    "end": "2023-07-21T02:40:33.365Z",
    "duration": 10265,
    "testsRegistered": 6,
    "passPercent": 100,
    "pendingPercent": 0,
    "other": 0,
    "hasOther": false,
    "skipped": 0,
    "hasSkipped": false
  },
  "results": [
    {
      "uuid": "4904c72f-3d8e-414c-9cef-9f1f27b88241",
      "title": "",
      "fullFile": "cypress/tests/ui-login.spec.js",
      "file": "cypress/tests/ui-login.spec.js",
      "beforeHooks": [],
      "afterHooks": [],
      "tests": [],
      "suites": [
        {
          "uuid": "1360cddd-b4f9-4cbc-9751-4867ee5a2573",
          "title": "Validar Fluxos de Login",
          "fullFile": "",
          "file": "",
          "beforeHooks": [],
          "afterHooks": [],
          "tests": [
            {
              "title": "Realiza Login com sucesso",
              "fullTitle": "Validar Fluxos de Login Realiza Login com sucesso",
              "timedOut": null,
              "duration": 4368,
              "state": "passed",
              "speed": "slow",
              "pass": true,
              "fail": false,
              "pending": false,
              "context": null,
              "code": "_loginPage.default.CriarUser();\n_loginPage.default.RealizarLoginComSucesso();",
              "err": {},
              "uuid": "145c532c-6904-48aa-8a3c-857c4315003a",
              "parentUUID": "1360cddd-b4f9-4cbc-9751-4867ee5a2573",
              "isHook": false,
              "skipped": false
            },
            {
              "title": "Tenta realizar login sem inserir Email",
              "fullTitle": "Validar Fluxos de Login Tenta realizar login sem inserir Email",
              "timedOut": null,
              "duration": 1299,
              "state": "passed",
              "speed": "slow",
              "pass": true,
              "fail": false,
              "pending": false,
              "context": null,
              "code": "_loginPage.default.RealizarLoginSemInserirEmail();",
              "err": {},
              "uuid": "6a7e2eca-e3d5-4663-84a7-066a1bbe1cca",
              "parentUUID": "1360cddd-b4f9-4cbc-9751-4867ee5a2573",
              "isHook": false,
              "skipped": false
            },
            {
              "title": "Tenta realizar login sem inserir Senha",
              "fullTitle": "Validar Fluxos de Login Tenta realizar login sem inserir Senha",
              "timedOut": null,
              "duration": 1014,
              "state": "passed",
              "speed": "slow",
              "pass": true,
              "fail": false,
              "pending": false,
              "context": null,
              "code": "_loginPage.default.RealizarLoginSemInserirSenha();",
              "err": {},
              "uuid": "6105a461-819e-460a-9d1c-aaf1175d476d",
              "parentUUID": "1360cddd-b4f9-4cbc-9751-4867ee5a2573",
              "isHook": false,
              "skipped": false
            },
            {
              "title": "Tenta realizar login com Email inválido",
              "fullTitle": "Validar Fluxos de Login Tenta realizar login com Email inválido",
              "timedOut": null,
              "duration": 1235,
              "state": "passed",
              "speed": "slow",
              "pass": true,
              "fail": false,
              "pending": false,
              "context": null,
              "code": "_loginPage.default.RealizarLoginComEmailInválido();",
              "err": {},
              "uuid": "7b5530ca-67a7-4a12-9f12-a8e0f93f7f24",
              "parentUUID": "1360cddd-b4f9-4cbc-9751-4867ee5a2573",
              "isHook": false,
              "skipped": false
            },
            {
              "title": "Tenta realizar login com Senha inválida",
              "fullTitle": "Validar Fluxos de Login Tenta realizar login com Senha inválida",
              "timedOut": null,
              "duration": 1224,
              "state": "passed",
              "speed": "slow",
              "pass": true,
              "fail": false,
              "pending": false,
              "context": null,
              "code": "_loginPage.default.RealizarLoginComSenhaInválida();",
              "err": {},
              "uuid": "e54a691e-3231-4d93-a1f0-0b886cf4cc99",
              "parentUUID": "1360cddd-b4f9-4cbc-9751-4867ee5a2573",
              "isHook": false,
              "skipped": false
            },
            {
              "title": "Tenta realizar login com email sem arroba",
              "fullTitle": "Validar Fluxos de Login Tenta realizar login com email sem arroba",
              "timedOut": null,
              "duration": 997,
              "state": "passed",
              "speed": "slow",
              "pass": true,
              "fail": false,
              "pending": false,
              "context": null,
              "code": "_loginPage.default.RealizarLoginComEmailSemArroba();",
              "err": {},
              "uuid": "831870c5-121d-4a2d-ae79-3b36d6db6624",
              "parentUUID": "1360cddd-b4f9-4cbc-9751-4867ee5a2573",
              "isHook": false,
              "skipped": false
            }
          ],
          "suites": [],
          "passes": [
            "145c532c-6904-48aa-8a3c-857c4315003a",
            "6a7e2eca-e3d5-4663-84a7-066a1bbe1cca",
            "6105a461-819e-460a-9d1c-aaf1175d476d",
            "7b5530ca-67a7-4a12-9f12-a8e0f93f7f24",
            "e54a691e-3231-4d93-a1f0-0b886cf4cc99",
            "831870c5-121d-4a2d-ae79-3b36d6db6624"
          ],
          "failures": [],
          "pending": [],
          "skipped": [],
          "duration": 10137,
          "root": false,
          "rootEmpty": false,
          "_timeout": 2000
        }
      ],
      "passes": [],
      "failures": [],
      "pending": [],
      "skipped": [],
      "duration": 0,
      "root": true,
      "rootEmpty": true,
      "_timeout": 2000
    }
  ],
  "meta": {
    "mocha": {
      "version": "7.0.1"
    },
    "mochawesome": {
      "options": {
        "quiet": true,
        "reportFilename": "mochawesome",
        "saveHtml": false,
        "saveJson": true,
        "consoleReporter": "spec",
        "useInlineDiffs": false,
        "code": true
      },
      "version": "7.1.3"
    },
    "marge": {
      "options": {
        "id": "default",
        "reportDir": "mochawesome-report",
        "quiet": true,
        "overwrite": false,
        "html": false,
        "json": true
      },
      "version": "6.2.0"
    }
  }
}