{
  "stats": {
    "suites": 1,
    "tests": 6,
    "passes": 6,
    "pending": 0,
    "failures": 0,
    "start": "2023-10-13T16:38:22.587Z",
    "end": "2023-10-13T16:38:30.437Z",
    "duration": 7850,
    "testsRegistered": 6,
    "passPercent": 100,
    "pendingPercent": 0,
    "other": 0,
    "hasOther": false,
    "skipped": 0,
    "hasSkipped": false
  },
  "results": [
    {
      "uuid": "624d2093-7843-48c8-a3d4-de1e1a2f1806",
      "title": "",
      "fullFile": "cypress/tests/ui-login.spec.js",
      "file": "cypress/tests/ui-login.spec.js",
      "beforeHooks": [],
      "afterHooks": [],
      "tests": [],
      "suites": [
        {
          "uuid": "90363aea-42e8-4fe2-bfc9-6d9cc8e3de09",
          "title": "Validar Fluxos de Login",
          "fullFile": "",
          "file": "",
          "beforeHooks": [],
          "afterHooks": [],
          "tests": [
            {
              "title": "Realiza Login com sucesso",
              "fullTitle": "Validar Fluxos de Login Realiza Login com sucesso",
              "timedOut": null,
              "duration": 3650,
              "state": "passed",
              "speed": "slow",
              "pass": true,
              "fail": false,
              "pending": false,
              "context": null,
              "code": "_loginPage.default.CriarUser();\n_loginPage.default.RealizarLoginComSucesso();",
              "err": {},
              "uuid": "211e9d6e-45a9-49d1-a5f5-8c0c978c237a",
              "parentUUID": "90363aea-42e8-4fe2-bfc9-6d9cc8e3de09",
              "isHook": false,
              "skipped": false
            },
            {
              "title": "Tenta realizar login sem inserir Email",
              "fullTitle": "Validar Fluxos de Login Tenta realizar login sem inserir Email",
              "timedOut": null,
              "duration": 632,
              "state": "passed",
              "speed": "slow",
              "pass": true,
              "fail": false,
              "pending": false,
              "context": null,
              "code": "_loginPage.default.RealizarLoginSemInserirEmail();",
              "err": {},
              "uuid": "14307463-4566-4b89-8c89-1da135b458b7",
              "parentUUID": "90363aea-42e8-4fe2-bfc9-6d9cc8e3de09",
              "isHook": false,
              "skipped": false
            },
            {
              "title": "Tenta realizar login sem inserir Senha",
              "fullTitle": "Validar Fluxos de Login Tenta realizar login sem inserir Senha",
              "timedOut": null,
              "duration": 839,
              "state": "passed",
              "speed": "slow",
              "pass": true,
              "fail": false,
              "pending": false,
              "context": null,
              "code": "_loginPage.default.RealizarLoginSemInserirSenha();",
              "err": {},
              "uuid": "092df267-0f94-44d6-b758-b25302b1d393",
              "parentUUID": "90363aea-42e8-4fe2-bfc9-6d9cc8e3de09",
              "isHook": false,
              "skipped": false
            },
            {
              "title": "Tenta realizar login com Email inválido",
              "fullTitle": "Validar Fluxos de Login Tenta realizar login com Email inválido",
              "timedOut": null,
              "duration": 852,
              "state": "passed",
              "speed": "slow",
              "pass": true,
              "fail": false,
              "pending": false,
              "context": null,
              "code": "_loginPage.default.RealizarLoginComEmailInválido();",
              "err": {},
              "uuid": "f7e9c24c-90e6-4b03-903a-ef003c9c007d",
              "parentUUID": "90363aea-42e8-4fe2-bfc9-6d9cc8e3de09",
              "isHook": false,
              "skipped": false
            },
            {
              "title": "Tenta realizar login com Senha inválida",
              "fullTitle": "Validar Fluxos de Login Tenta realizar login com Senha inválida",
              "timedOut": null,
              "duration": 984,
              "state": "passed",
              "speed": "slow",
              "pass": true,
              "fail": false,
              "pending": false,
              "context": null,
              "code": "_loginPage.default.RealizarLoginComSenhaInválida();",
              "err": {},
              "uuid": "482ecb02-6a0e-429c-b877-65f7c478b24a",
              "parentUUID": "90363aea-42e8-4fe2-bfc9-6d9cc8e3de09",
              "isHook": false,
              "skipped": false
            },
            {
              "title": "Tenta realizar login com email sem arroba",
              "fullTitle": "Validar Fluxos de Login Tenta realizar login com email sem arroba",
              "timedOut": null,
              "duration": 782,
              "state": "passed",
              "speed": "slow",
              "pass": true,
              "fail": false,
              "pending": false,
              "context": null,
              "code": "_loginPage.default.RealizarLoginComEmailSemArroba();",
              "err": {},
              "uuid": "7fe5b527-7d2f-4d90-ad26-ea3f85961e0f",
              "parentUUID": "90363aea-42e8-4fe2-bfc9-6d9cc8e3de09",
              "isHook": false,
              "skipped": false
            }
          ],
          "suites": [],
          "passes": [
            "211e9d6e-45a9-49d1-a5f5-8c0c978c237a",
            "14307463-4566-4b89-8c89-1da135b458b7",
            "092df267-0f94-44d6-b758-b25302b1d393",
            "f7e9c24c-90e6-4b03-903a-ef003c9c007d",
            "482ecb02-6a0e-429c-b877-65f7c478b24a",
            "7fe5b527-7d2f-4d90-ad26-ea3f85961e0f"
          ],
          "failures": [],
          "pending": [],
          "skipped": [],
          "duration": 7739,
          "root": false,
          "rootEmpty": false,
          "_timeout": 2000
        }
      ],
      "passes": [],
      "failures": [],
      "pending": [],
      "skipped": [],
      "duration": 0,
      "root": true,
      "rootEmpty": true,
      "_timeout": 2000
    }
  ],
  "meta": {
    "mocha": {
      "version": "7.0.1"
    },
    "mochawesome": {
      "options": {
        "quiet": true,
        "reportFilename": "mochawesome",
        "saveHtml": false,
        "saveJson": true,
        "consoleReporter": "spec",
        "useInlineDiffs": false,
        "code": true
      },
      "version": "7.1.3"
    },
    "marge": {
      "options": {
        "id": "default",
        "reportDir": "mochawesome-report",
        "quiet": true,
        "overwrite": false,
        "html": false,
        "json": true
      },
      "version": "6.2.0"
    }
  }
}